/home/andre/.local/bin/quast.py ./assembly_output/contigs.fasta -o quast_result

Version: 5.2.0

System information:
  OS: Linux-5.4.72-microsoft-standard-WSL2-x86_64-with-glibc2.29 (linux_64)
  Python version: 3.8.10
  CPUs number: 16

Started: 2022-12-12 12:36:26

Logging to /home/andre/rep/bioformatic/assignment_3/quast_result/quast.log
NOTICE: Maximum number of threads is set to 4 (use --threads option to set it manually)

CWD: /home/andre/rep/bioformatic/assignment_3
Main parameters: 
  MODE: default, threads: 4, min contig length: 500, min alignment length: 65, min alignment IDY: 95.0, \
  ambiguity: one, min local misassembly length: 200, min extensive misassembly length: 1000

Contigs:
  Pre-processing...
  ./assembly_output/contigs.fasta ==> contigs

2022-12-12 12:36:26
Running Basic statistics processor...
  Contig files: 
    contigs
  Calculating N50 and L50...
    contigs, N50 = 918365, L50 = 3, auN = 665995.4, Total length = 4164663, GC % = 43.40, # N's per 100 kbp =  0.00
  Drawing Nx plot...
    saved to /home/andre/rep/bioformatic/assignment_3/quast_result/basic_stats/Nx_plot.pdf
  Drawing cumulative plot...
    saved to /home/andre/rep/bioformatic/assignment_3/quast_result/basic_stats/cumulative_plot.pdf
  Drawing GC content plot...
    saved to /home/andre/rep/bioformatic/assignment_3/quast_result/basic_stats/GC_content_plot.pdf
  Drawing contigs GC content plot...
    saved to /home/andre/rep/bioformatic/assignment_3/quast_result/basic_stats/contigs_GC_content_plot.pdf
  Drawing Coverage histogram (bin size: 1x)...
    saved to /home/andre/rep/bioformatic/assignment_3/quast_result/basic_stats/coverage_histogram.pdf
  Drawing contigs coverage histogram (bin size: 1x)...
    saved to /home/andre/rep/bioformatic/assignment_3/quast_result/basic_stats/contigs_coverage_histogram.pdf
Done.

NOTICE: Genes are not predicted by default. Use --gene-finding or --glimmer option to enable it.

2022-12-12 12:36:27
Creating large visual summaries...
This may take a while: press Ctrl-C to skip this step..
  1 of 2: Creating PDF with all tables and plots...
  2 of 2: Creating Icarus viewers...
Done

2022-12-12 12:36:28
RESULTS:
  Text versions of total report are saved to /home/andre/rep/bioformatic/assignment_3/quast_result/report.txt, report.tsv, and report.tex
  Text versions of transposed total report are saved to /home/andre/rep/bioformatic/assignment_3/quast_result/transposed_report.txt, transposed_report.tsv, and transposed_report.tex
  HTML version (interactive tables and plots) is saved to /home/andre/rep/bioformatic/assignment_3/quast_result/report.html
  PDF version (tables and plots) is saved to /home/andre/rep/bioformatic/assignment_3/quast_result/report.pdf
  Icarus (contig browser) is saved to /home/andre/rep/bioformatic/assignment_3/quast_result/icarus.html
  Log is saved to /home/andre/rep/bioformatic/assignment_3/quast_result/quast.log

Finished: 2022-12-12 12:36:28
Elapsed time: 0:00:01.861982
NOTICEs: 2; WARNINGs: 0; non-fatal ERRORs: 0

Thank you for using QUAST!
